<?xml version="1.0" encoding="UTF-8"?>
<!-- Generated by org.testng.reporters.JUnitReportReporter -->
<testsuite hostname="DESKTOP-B5MJ425" failures="0" tests="1" name="testScript.InvocationCountThreadPoolSizeTest" time="7.995" errors="0" timestamp="2024-04-30T15:51:56 IST" skipped="0">
  <testcase classname="testScript.InvocationCountThreadPoolSizeTest" name="Register" time="7.995"/>
</testsuite> <!-- testScript.InvocationCountThreadPoolSizeTest -->
