<?xml version="1.0" encoding="UTF-8"?>
<!-- Generated by org.testng.reporters.JUnitReportReporter -->
<testsuite hostname="DESKTOP-B5MJ425" failures="0" tests="1" name="testScript.BooksTest" time="15.115" errors="0" timestamp="2024-04-30T15:51:56 IST" skipped="0">
  <testcase classname="testScript.BooksTest" name="Books_001" time="15.115"/>
</testsuite> <!-- testScript.BooksTest -->
