<?xml version="1.0" encoding="UTF-8"?>
<!-- Generated by org.testng.reporters.JUnitReportReporter -->
<testsuite hostname="DESKTOP-B5MJ425" failures="0" tests="5" name="testScript.DependsOnMethodsTest" time="18.749" errors="0" timestamp="2024-04-30T15:51:56 IST" skipped="0">
  <testcase classname="testScript.DependsOnMethodsTest" name="AddToCart" time="6.267"/>
  <testcase classname="testScript.DependsOnMethodsTest" name="Payment" time="2.298"/>
  <testcase classname="testScript.DependsOnMethodsTest" name="Register" time="2.497"/>
  <testcase classname="testScript.DependsOnMethodsTest" name="ConfirmOrder" time="3.688"/>
  <testcase classname="testScript.DependsOnMethodsTest" name="Login" time="3.999"/>
</testsuite> <!-- testScript.DependsOnMethodsTest -->
